<component name="libraryTable">
  <library name="junit-jupiter-5.7.0">
    <CLASSES>
      <root url="jar://$PROJECT_DIR$/../libs/junit-jupiter-5.7.0.jar!/" />
      <root url="jar://$PROJECT_DIR$/../libs/junit-jupiter-api-5.7.0.jar!/" />
      <root url="jar://$PROJECT_DIR$/../libs/junit-jupiter-engine-5.7.0.jar!/" />
      <root url="jar://$PROJECT_DIR$/../libs/junit-jupiter-params-5.7.0.jar!/" />
      <root url="jar://$PROJECT_DIR$/../libs/junit-platform-commons-1.7.0.jar!/" />
      <root url="jar://$PROJECT_DIR$/../libs/junit-platform-engine-1.7.0.jar!/" />
    </CLASSES>
    <JAVADOC />
    <SOURCES />
  </library>
</component>